<?xml version="1.0" encoding="UTF-8"?>
<testng-results ignored="0" total="2" passed="2" failed="0" skipped="0">
  <reporter-output>
  </reporter-output>
  <suite started-at="2025-04-11T20:01:17 EET" name="Default suite" finished-at="2025-04-11T20:01:32 EET" duration-ms="15406">
    <groups>
    </groups>
    <test started-at="2025-04-11T20:01:17 EET" name="Default test" finished-at="2025-04-11T20:01:32 EET" duration-ms="15406">
      <class name="Tcs.AddToCart">
        <test-method is-config="true" signature="start()[pri:0, instance:Tcs.AddToCart@7eac9008]" started-at="2025-04-11T20:01:17 EET" name="start" finished-at="2025-04-11T20:01:20 EET" duration-ms="3583" status="PASS">
          <reporter-output>
          </reporter-output>
        </test-method> <!-- start -->
        <test-method signature="LoginWithValidData()[pri:1, instance:Tcs.AddToCart@7eac9008]" started-at="2025-04-11T20:01:20 EET" name="LoginWithValidData" finished-at="2025-04-11T20:01:24 EET" duration-ms="3791" status="PASS">
          <reporter-output>
          </reporter-output>
        </test-method> <!-- LoginWithValidData -->
        <test-method signature="testAddProductToCart()[pri:2, instance:Tcs.AddToCart@7eac9008]" started-at="2025-04-11T20:01:24 EET" name="testAddProductToCart" finished-at="2025-04-11T20:01:32 EET" duration-ms="7990" status="PASS">
          <reporter-output>
          </reporter-output>
        </test-method> <!-- testAddProductToCart -->
        <test-method is-config="true" signature="closeDriver()[pri:0, instance:Tcs.AddToCart@7eac9008]" started-at="2025-04-11T20:01:32 EET" name="closeDriver" finished-at="2025-04-11T20:01:32 EET" duration-ms="0" status="PASS">
          <reporter-output>
          </reporter-output>
        </test-method> <!-- closeDriver -->
      </class> <!-- Tcs.AddToCart -->
    </test> <!-- Default test -->
  </suite> <!-- Default suite -->
</testng-results>
